[2020-10-15 18:40:37] Текст ошибки: Страница не найдена | Файл: /home/alex/domen/mvctest/vendor/mvctest/core/Router.php | Строка: 39
=================
[2020-10-15 19:02:32] Текст ошибки: Метод app\controllers\UserController::actionLogin не найден | Файл: /home/alex/domen/mvctest/vendor/mvctest/core/Router.php | Строка: 33
=================
[2020-10-15 19:19:36] Текст ошибки: SQLSTATE[HY000]: General error: 1366 Incorrect integer value: '' for column 'completed' at row 1 | Файл: /home/alex/domen/mvctest/vendor/gabordemooij/redbean/RedBeanPHP/Driver/RPDO.php | Строка: 202
=================
[2020-10-15 19:39:04] Текст ошибки: Страница не найдена | Файл: /home/alex/domen/mvctest/vendor/mvctest/core/Router.php | Строка: 39
=================
[2020-10-15 19:57:30] Текст ошибки: Страница не найдена | Файл: /home/alex/domen/mvctest/vendor/mvctest/core/Router.php | Строка: 39
=================
[2020-10-15 20:04:22] Текст ошибки: syntax error, unexpected '?>' | Файл: /home/alex/domen/mvctest/app/views/Main/index.php | Строка: 15
=================
[2020-10-15 21:02:53] Текст ошибки: Страница не найдена | Файл: /home/alex/domen/mvctest/vendor/mvctest/core/Router.php | Строка: 39
=================
[2020-10-15 21:09:36] Текст ошибки: Страница не найдена | Файл: /home/alex/domen/mvctest/vendor/mvctest/core/Router.php | Строка: 39
=================
[2020-10-15 21:19:43] Текст ошибки: SQLSTATE[42000]: Syntax error or access violation: 1064 You have an error in your SQL syntax; check the manual that corresponds to your MySQL server version for the right syntax to use near 'ORDER BY username ASC  -- keep-cache' at line 1 | Файл: /home/alex/domen/mvctest/vendor/gabordemooij/redbean/RedBeanPHP/Driver/RPDO.php | Строка: 202
=================
[2020-10-15 21:25:58] Текст ошибки: SQLSTATE[42000]: Syntax error or access violation: 1064 You have an error in your SQL syntax; check the manual that corresponds to your MySQL server version for the right syntax to use near 'AND  ORDER BY username ASC  -- keep-cache' at line 1 | Файл: /home/alex/domen/mvctest/vendor/gabordemooij/redbean/RedBeanPHP/Driver/RPDO.php | Строка: 202
=================
[2020-10-15 21:26:10] Текст ошибки: SQLSTATE[42000]: Syntax error or access violation: 1064 You have an error in your SQL syntax; check the manual that corresponds to your MySQL server version for the right syntax to use near 'AND   -- keep-cache' at line 1 | Файл: /home/alex/domen/mvctest/vendor/gabordemooij/redbean/RedBeanPHP/Driver/RPDO.php | Строка: 202
=================
[2020-10-15 21:26:16] Текст ошибки: SQLSTATE[42000]: Syntax error or access violation: 1064 You have an error in your SQL syntax; check the manual that corresponds to your MySQL server version for the right syntax to use near 'AND   -- keep-cache' at line 1 | Файл: /home/alex/domen/mvctest/vendor/gabordemooij/redbean/RedBeanPHP/Driver/RPDO.php | Строка: 202
=================
[2020-10-15 21:26:32] Текст ошибки: SQLSTATE[42000]: Syntax error or access violation: 1064 You have an error in your SQL syntax; check the manual that corresponds to your MySQL server version for the right syntax to use near 'ORDER BY username ASC  -- keep-cache' at line 1 | Файл: /home/alex/domen/mvctest/vendor/gabordemooij/redbean/RedBeanPHP/Driver/RPDO.php | Строка: 202
=================
[2020-10-15 21:54:49] Текст ошибки: Контроллер app\controllers\admin\MainController не найден | Файл: /home/alex/domen/mvctest/vendor/mvctest/core/Router.php | Строка: 36
=================
[2020-10-15 21:56:23] Текст ошибки: Контроллер app\controllers\admin\MainController не найден | Файл: /home/alex/domen/mvctest/vendor/mvctest/core/Router.php | Строка: 36
=================
[2020-10-15 22:01:10] Текст ошибки: Контроллер app\controllers\admin\MainController не найден | Файл: /home/alex/domen/mvctest/vendor/mvctest/core/Router.php | Строка: 39
=================
[2020-10-15 22:01:23] Текст ошибки: Контроллер app\controllers\admin\MainController не найден | Файл: /home/alex/domen/mvctest/vendor/mvctest/core/Router.php | Строка: 40
=================
[2020-10-15 22:01:24] Текст ошибки: Контроллер app\controllers\admin\MainController не найден | Файл: /home/alex/domen/mvctest/vendor/mvctest/core/Router.php | Строка: 40
=================
[2020-10-15 22:04:46] Текст ошибки: Контроллер module\admin\controllers\MainController не найден | Файл: /home/alex/domen/mvctest/vendor/mvctest/core/Router.php | Строка: 48
=================
[2020-10-15 22:06:38] Текст ошибки: Контроллер module\admin\controllers\MainController не найден | Файл: /home/alex/domen/mvctest/vendor/mvctest/core/Router.php | Строка: 48
=================
[2020-10-15 22:07:29] Текст ошибки: Контроллер module\admin\controllers\MainController не найден | Файл: /home/alex/domen/mvctest/vendor/mvctest/core/Router.php | Строка: 48
=================
[2020-10-15 22:07:30] Текст ошибки: Контроллер module\admin\controllers\MainController не найден | Файл: /home/alex/domen/mvctest/vendor/mvctest/core/Router.php | Строка: 48
=================
[2020-10-15 22:11:38] Текст ошибки: Контроллер app\controllers\admin\MainController не найден | Файл: /home/alex/domen/mvctest/vendor/mvctest/core/Router.php | Строка: 37
=================
[2020-10-15 22:11:39] Текст ошибки: Контроллер app\controllers\admin\MainController не найден | Файл: /home/alex/domen/mvctest/vendor/mvctest/core/Router.php | Строка: 37
=================
[2020-10-15 22:12:53] Текст ошибки: Контроллер app\controllers\admin\MainController не найден | Файл: /home/alex/domen/mvctest/vendor/mvctest/core/Router.php | Строка: 37
=================
[2020-10-15 22:12:54] Текст ошибки: Контроллер app\controllers\admin\MainController не найден | Файл: /home/alex/domen/mvctest/vendor/mvctest/core/Router.php | Строка: 37
=================
[2020-10-15 22:14:43] Текст ошибки: Контроллер app\controllers\admin\MainController не найден | Файл: /home/alex/domen/mvctest/vendor/mvctest/core/Router.php | Строка: 37
=================
[2020-10-15 22:14:44] Текст ошибки: Контроллер app\controllers\admin\MainController не найден | Файл: /home/alex/domen/mvctest/vendor/mvctest/core/Router.php | Строка: 37
=================
[2020-10-15 22:14:44] Текст ошибки: Контроллер app\controllers\admin\MainController не найден | Файл: /home/alex/domen/mvctest/vendor/mvctest/core/Router.php | Строка: 37
=================
[2020-10-15 22:14:44] Текст ошибки: Контроллер app\controllers\admin\MainController не найден | Файл: /home/alex/domen/mvctest/vendor/mvctest/core/Router.php | Строка: 37
=================
[2020-10-15 22:14:45] Текст ошибки: Контроллер app\controllers\admin\MainController не найден | Файл: /home/alex/domen/mvctest/vendor/mvctest/core/Router.php | Строка: 37
=================
[2020-10-15 22:14:45] Текст ошибки: Контроллер app\controllers\admin\MainController не найден | Файл: /home/alex/domen/mvctest/vendor/mvctest/core/Router.php | Строка: 37
=================
[2020-10-15 22:14:46] Текст ошибки: Контроллер app\controllers\admin\MainController не найден | Файл: /home/alex/domen/mvctest/vendor/mvctest/core/Router.php | Строка: 37
=================
[2020-10-15 22:16:22] Текст ошибки: Контроллер app\controllers\admin\MainController не найден | Файл: /home/alex/domen/mvctest/vendor/mvctest/core/Router.php | Строка: 37
=================
[2020-10-15 22:16:23] Текст ошибки: Контроллер app\controllers\admin\MainController не найден | Файл: /home/alex/domen/mvctest/vendor/mvctest/core/Router.php | Строка: 37
=================
[2020-10-15 22:18:08] Текст ошибки: Контроллер app\controllers\admin\MainController не найден | Файл: /home/alex/domen/mvctest/vendor/mvctest/core/Router.php | Строка: 36
=================
[2020-10-15 22:18:09] Текст ошибки: Контроллер app\controllers\admin\MainController не найден | Файл: /home/alex/domen/mvctest/vendor/mvctest/core/Router.php | Строка: 36
=================
[2020-10-15 22:18:10] Текст ошибки: Контроллер app\controllers\admin\MainController не найден | Файл: /home/alex/domen/mvctest/vendor/mvctest/core/Router.php | Строка: 36
=================
[2020-10-15 22:18:11] Текст ошибки: Контроллер app\controllers\admin\MainController не найден | Файл: /home/alex/domen/mvctest/vendor/mvctest/core/Router.php | Строка: 36
=================
[2020-10-15 22:19:09] Текст ошибки: Метод app\controllers\admin\MainController::indexAction не найден | Файл: /home/alex/domen/mvctest/vendor/mvctest/core/Router.php | Строка: 33
=================
[2020-10-15 22:19:10] Текст ошибки: Метод app\controllers\admin\MainController::indexAction не найден | Файл: /home/alex/domen/mvctest/vendor/mvctest/core/Router.php | Строка: 33
=================
[2020-10-15 22:19:11] Текст ошибки: Метод app\controllers\admin\MainController::indexAction не найден | Файл: /home/alex/domen/mvctest/vendor/mvctest/core/Router.php | Строка: 33
=================
[2020-10-15 22:19:11] Текст ошибки: Метод app\controllers\admin\MainController::indexAction не найден | Файл: /home/alex/domen/mvctest/vendor/mvctest/core/Router.php | Строка: 33
=================
[2020-10-15 22:19:11] Текст ошибки: Метод app\controllers\admin\MainController::indexAction не найден | Файл: /home/alex/domen/mvctest/vendor/mvctest/core/Router.php | Строка: 33
=================
[2020-10-15 22:19:48] Текст ошибки: На найден вид /home/alex/domen/mvctest/app/views/admin\Main/index.php | Файл: /home/alex/domen/mvctest/vendor/mvctest/core/base/View.php | Строка: 41
=================
[2020-10-15 22:19:49] Текст ошибки: На найден вид /home/alex/domen/mvctest/app/views/admin\Main/index.php | Файл: /home/alex/domen/mvctest/vendor/mvctest/core/base/View.php | Строка: 41
=================
[2020-10-15 22:19:49] Текст ошибки: На найден вид /home/alex/domen/mvctest/app/views/admin\Main/index.php | Файл: /home/alex/domen/mvctest/vendor/mvctest/core/base/View.php | Строка: 41
=================
[2020-10-15 22:22:06] Текст ошибки: На найден вид /home/alex/domen/mvctest/app/views/admin\Main/index.php | Файл: /home/alex/domen/mvctest/vendor/mvctest/core/base/View.php | Строка: 40
=================
[2020-10-15 22:22:07] Текст ошибки: На найден вид /home/alex/domen/mvctest/app/views/admin\Main/index.php | Файл: /home/alex/domen/mvctest/vendor/mvctest/core/base/View.php | Строка: 40
=================
[2020-10-15 22:25:00] Текст ошибки: syntax error, unexpected ')' | Файл: /home/alex/domen/mvctest/vendor/mvctest/core/base/View.php | Строка: 34
=================
[2020-10-15 22:27:50] Текст ошибки: На найден вид /home/alex/domen/mvctest/app/module/admin/views/Main/index.php | Файл: /home/alex/domen/mvctest/vendor/mvctest/core/base/View.php | Строка: 46
=================
[2020-10-15 22:28:54] Текст ошибки: На найден вид /home/alex/domen/mvctest/module/admin/views/Main/index.php | Файл: /home/alex/domen/mvctest/vendor/mvctest/core/base/View.php | Строка: 46
=================
[2020-10-15 22:28:55] Текст ошибки: На найден вид /home/alex/domen/mvctest/module/admin/views/Main/index.php | Файл: /home/alex/domen/mvctest/vendor/mvctest/core/base/View.php | Строка: 46
=================
[2020-10-15 22:30:47] Текст ошибки: Контроллер module\admin\controllers\MainController не найден | Файл: /home/alex/domen/mvctest/vendor/mvctest/core/Router.php | Строка: 44
=================
[2020-10-15 22:31:40] Текст ошибки: Контроллер module\admin\controllers\MainController не найден | Файл: /home/alex/domen/mvctest/vendor/mvctest/core/Router.php | Строка: 44
=================
[2020-10-15 22:31:42] Текст ошибки: Контроллер module\admin\controllers\MainController не найден | Файл: /home/alex/domen/mvctest/vendor/mvctest/core/Router.php | Строка: 44
=================
[2020-10-15 22:31:57] Текст ошибки: Контроллер module\admin\controllers\MainController не найден | Файл: /home/alex/domen/mvctest/vendor/mvctest/core/Router.php | Строка: 44
=================
[2020-10-15 22:31:58] Текст ошибки: Контроллер module\admin\controllers\MainController не найден | Файл: /home/alex/domen/mvctest/vendor/mvctest/core/Router.php | Строка: 44
=================
[2020-10-15 22:31:58] Текст ошибки: Контроллер module\admin\controllers\MainController не найден | Файл: /home/alex/domen/mvctest/vendor/mvctest/core/Router.php | Строка: 44
=================
[2020-10-15 22:31:58] Текст ошибки: Контроллер module\admin\controllers\MainController не найден | Файл: /home/alex/domen/mvctest/vendor/mvctest/core/Router.php | Строка: 44
=================
[2020-10-15 22:32:24] Текст ошибки: Контроллер module\admin\controllers\MainController не найден | Файл: /home/alex/domen/mvctest/vendor/mvctest/core/Router.php | Строка: 44
=================
[2020-10-15 22:32:24] Текст ошибки: Контроллер module\admin\controllers\MainController не найден | Файл: /home/alex/domen/mvctest/vendor/mvctest/core/Router.php | Строка: 44
=================
[2020-10-15 22:32:25] Текст ошибки: Контроллер module\admin\controllers\MainController не найден | Файл: /home/alex/domen/mvctest/vendor/mvctest/core/Router.php | Строка: 44
=================
[2020-10-15 22:34:26] Текст ошибки: На найден вид /home/alex/domen/mvctest/module/admin/views/Main/index.php | Файл: /home/alex/domen/mvctest/vendor/mvctest/core/base/View.php | Строка: 46
=================
[2020-10-15 22:34:40] Текст ошибки: Контроллер app\controllers\admin\MainController не найден | Файл: /home/alex/domen/mvctest/vendor/mvctest/core/Router.php | Строка: 44
=================
[2020-10-15 22:35:17] Текст ошибки: На найден вид /home/alex/domen/mvctest/app/views/admin\Main/index.php | Файл: /home/alex/domen/mvctest/vendor/mvctest/core/base/View.php | Строка: 41
=================
[2020-10-15 22:35:18] Текст ошибки: На найден вид /home/alex/domen/mvctest/app/views/admin\Main/index.php | Файл: /home/alex/domen/mvctest/vendor/mvctest/core/base/View.php | Строка: 41
=================
[2020-10-15 22:41:24] Текст ошибки: На найден шаблон admin | Файл: /home/alex/domen/mvctest/vendor/mvctest/core/base/View.php | Строка: 50
=================
[2020-10-15 22:46:58] Текст ошибки: Страница не найдена | Файл: /home/alex/domen/mvctest/vendor/mvctest/core/Router.php | Строка: 47
=================
[2020-10-15 23:32:42] Текст ошибки: Метод app\controllers\admin\MainController::actionUpdate не найден | Файл: /home/alex/domen/mvctest/vendor/mvctest/core/Router.php | Строка: 41
=================
[2020-10-15 23:37:59] Текст ошибки: На найден вид /home/alex/domen/mvctest/app/views/admin/Main/update.php | Файл: /home/alex/domen/mvctest/vendor/mvctest/core/base/View.php | Строка: 43
=================
[2020-10-15 23:50:38] Текст ошибки: SQLSTATE[HY000]: General error: 1366 Incorrect integer value: '' for column 'completed' at row 1 | Файл: /home/alex/domen/mvctest/vendor/gabordemooij/redbean/RedBeanPHP/Driver/RPDO.php | Строка: 202
=================
[2020-10-16 00:02:44] Текст ошибки: SQLSTATE[HY000]: General error: 1366 Incorrect integer value: '' for column 'completed' at row 1 | Файл: /home/alex/domen/mvctest/vendor/gabordemooij/redbean/RedBeanPHP/Driver/RPDO.php | Строка: 202
=================
[2020-10-16 00:03:09] Текст ошибки: SQLSTATE[HY000]: General error: 1366 Incorrect integer value: '' for column 'completed' at row 1 | Файл: /home/alex/domen/mvctest/vendor/gabordemooij/redbean/RedBeanPHP/Driver/RPDO.php | Строка: 202
=================
